<?xml version="1.0" encoding="UTF-8"?>
<!-- Generated by org.testng.reporters.JUnitXMLReporter -->
<testsuite hostname="anilkumar06" name="Test2" tests="5" failures="2" timestamp="19 Sep 2019 06:48:55 GMT" time="0.021" errors="0">
  <testcase name="registrationTest" time="0.001" classname="learnselenuim.TestNGTest"/>
  <testcase name="signInTest" time="0.001" classname="learnselenuim.TestNGTest"/>
  <testcase name="hardAssertTest" time="0.003" classname="learnselenuim.TestNGTest"/>
  <testcase name="softAssertTest" time="0.005" classname="learnselenuim.TestNGTest">
    <failure type="java.lang.AssertionError" message="The following asserts failed:
	Seems title not matched expected [Yahoo] but found [google],
	Seems image not matched expected [false] but found [true],
	Seems textbox not matched expected [false] but found [true]">
      <![CDATA[java.lang.AssertionError: The following asserts failed:
	Seems title not matched expected [Yahoo] but found [google],
	Seems image not matched expected [false] but found [true],
	Seems textbox not matched expected [false] but found [true]
	at learnselenuim.TestNGTest.softAssertTest(TestNGTest.java:65)
... Removed 25 stack frames]]>
    </failure>
  </testcase> <!-- softAssertTest -->
  <testcase name="softAssertTest" time="0.009" classname="learnselenuim.TestNGTest">
    <failure type="java.lang.NullPointerException">
      <![CDATA[java.lang.NullPointerException
	at basePack.testbase.captureScreeshot(testbase.java:41)
	at customlisterns.Listerns.onTestFailure(Listerns.java:25)
... Removed 21 stack frames]]>
    </failure>
  </testcase> <!-- softAssertTest -->
</testsuite> <!-- Test2 -->
